0 info it worked if it ends with ok
1 verbose cli [ 'D:\\liuximing\\software\\work\\environment\\node\\node.exe',
1 verbose cli   'D:\\liuximing\\software\\work\\environment\\node\\node_modules\\npm\\bin\\npm-cli.js',
1 verbose cli   'run',
1 verbose cli   'server' ]
2 info using npm@3.10.10
3 info using node@v6.9.5
4 verbose run-script [ 'preserver', 'server', 'postserver' ]
5 info lifecycle well@1.0.0~preserver: well@1.0.0
6 silly lifecycle well@1.0.0~preserver: no script for preserver, continuing
7 info lifecycle well@1.0.0~server: well@1.0.0
8 verbose lifecycle well@1.0.0~server: unsafe-perm in lifecycle true
9 verbose lifecycle well@1.0.0~server: PATH: D:\liuximing\software\work\environment\node\node_modules\npm\bin\node-gyp-bin;D:\liuximing\company\workplace\mywork\studyhard\myGithubProject\local\mescroll\mescroll_demo\node_modules\.bin;C:\ProgramData\Oracle\Java\javapath;C:\Program Files (x86)\Intel\iCLS Client\;C:\Program Files\Intel\iCLS Client\;C:\WINDOWS\system32;C:\WINDOWS;C:\WINDOWS\System32\Wbem;C:\WINDOWS\System32\WindowsPowerShell\v1.0\;C:\Program Files\Intel\Intel(R) Management Engine Components\DAL;C:\Program Files\Intel\Intel(R) Management Engine Components\IPT;C:\Program Files (x86)\Intel\Intel(R) Management Engine Components\DAL;C:\Program Files (x86)\Intel\Intel(R) Management Engine Components\IPT;D:\liuximing\software\work\environment\node\;C:\HashiCorp\Vagrant\bin;D:\liuximing\software\work\qampp\Data_lib\perl\bin;D:\liuximing\software\work\qampp\apache\bin;D:\liuximing\software\work\qampp\php;D:\liuximing\software\work\qampp\svnserver\Subversion\bin;D:\liuximing\software\work\qampp\mysql\bin;D:\liuximing\software\work\svn\bin;C:\Users\tianxc\AppData\Local\Android\sdk\platform-tools
9 verbose lifecycle ;C:\Users\tianxc\AppData\Local\Android\sdk\tools
9 verbose lifecycle ;D:\liuximing\software\common\amd\ATI.ACE\Core-Static;D:\liuximing\software\work\qampp\yarn\bin;D:\liuximing\software\work\tools\git\Git\cmd;C:\Users\tianxc\AppData\Roaming\npm;D:\liuximing\software\work\editor\vscode\Microsoft VS Code\bin;C:\Users\tianxc\AppData\Local\atom\bin;C:\Users\tianxc\AppData\Local\Yarn\bin
10 verbose lifecycle well@1.0.0~server: CWD: D:\liuximing\company\workplace\mywork\studyhard\myGithubProject\local\mescroll\mescroll_demo
11 silly lifecycle well@1.0.0~server: Args: [ '/d /s /c', 'webpack-dev-server --open' ]
12 verbose stack Error: kill ENOSYS
12 verbose stack     at exports._errnoException (util.js:1022:11)
12 verbose stack     at process.kill (internal/process.js:172:13)
12 verbose stack     at process.listener (D:\liuximing\software\work\environment\node\node_modules\npm\node_modules\npmlog\node_modules\gauge\node_modules\signal-exit\index.js:86:15)
12 verbose stack     at emitNone (events.js:91:20)
12 verbose stack     at process.emit (events.js:185:7)
12 verbose stack     at processEmit (D:\liuximing\software\work\environment\node\node_modules\npm\node_modules\npmlog\node_modules\gauge\node_modules\signal-exit\index.js:146:32)
12 verbose stack     at processEmit (D:\liuximing\software\work\environment\node\node_modules\npm\node_modules\npm-registry-client\node_modules\npmlog\node_modules\gauge\node_modules\signal-exit\index.js:146:32)
12 verbose stack     at Signal.wrap.onsignal (internal/process.js:199:44)
13 verbose cwd D:\liuximing\company\workplace\mywork\studyhard\myGithubProject\local\mescroll\mescroll_demo
14 error Windows_NT 10.0.10586
15 error argv "D:\\liuximing\\software\\work\\environment\\node\\node.exe" "D:\\liuximing\\software\\work\\environment\\node\\node_modules\\npm\\bin\\npm-cli.js" "run" "server"
16 error node v6.9.5
17 error npm  v3.10.10
18 error code ENOSYS
19 error errno ENOSYS
20 error syscall kill
21 error kill ENOSYS
22 error If you need help, you may report this error at:
22 error     <https://github.com/npm/npm/issues>
23 verbose exit [ 1, true ]
